<?xml version="1.0" encoding="UTF-8"?>
<!-- Generated by org.testng.reporters.JUnitReportReporter -->
<testsuite hostname="DESKTOP-RTCUCDH" failures="0" tests="1" name="eCommerceProject.FlipkartTest" time="8.705" errors="0" timestamp="2023-07-26T22:51:43 IST" skipped="0">
  <testcase classname="eCommerceProject.FlipkartTest" name="flipkart" time="8.705"/>
</testsuite> <!-- eCommerceProject.FlipkartTest -->
